<?xml version="1.0" encoding="UTF-8"?>
<coverage generated="1637518576738" clover="3.2.0">
  <project timestamp="1637518576738" name="All files">
    <metrics statements="30" coveredstatements="27" conditionals="46" coveredconditionals="44" methods="9" coveredmethods="9" elements="85" coveredelements="80" complexity="0" loc="30" ncloc="30" packages="1" files="3" classes="3"/>
    <file name="atbash.js" path="/Users/natallia_bakinouskaya/NODE/Task_1/atbash.js">
      <metrics statements="2" coveredstatements="2" conditionals="8" coveredconditionals="8" methods="2" coveredmethods="2"/>
      <line num="3" count="7" type="cond" truecount="4" falsecount="0"/>
      <line num="10" count="1" type="stmt"/>
    </file>
    <file name="caesar.js" path="/Users/natallia_bakinouskaya/NODE/Task_1/caesar.js">
      <metrics statements="5" coveredstatements="5" conditionals="28" coveredconditionals="28" methods="4" coveredmethods="4"/>
      <line num="3" count="1" type="stmt"/>
      <line num="4" count="9" type="cond" truecount="6" falsecount="0"/>
      <line num="11" count="1" type="stmt"/>
      <line num="12" count="9" type="cond" truecount="6" falsecount="0"/>
      <line num="19" count="1" type="stmt"/>
    </file>
    <file name="main.js" path="/Users/natallia_bakinouskaya/NODE/Task_1/main.js">
      <metrics statements="23" coveredstatements="20" conditionals="10" coveredconditionals="8" methods="3" coveredmethods="3"/>
      <line num="3" count="1" type="stmt"/>
      <line num="8" count="1" type="stmt"/>
      <line num="9" count="1" type="stmt"/>
      <line num="11" count="1" type="cond" truecount="3" falsecount="1"/>
      <line num="13" count="1" type="stmt"/>
      <line num="16" count="0" type="stmt"/>
      <line num="20" count="0" type="stmt"/>
      <line num="24" count="1" type="stmt"/>
      <line num="27" count="5" type="stmt"/>
      <line num="28" count="5" type="stmt"/>
      <line num="30" count="5" type="cond" truecount="4" falsecount="0"/>
      <line num="33" count="3" type="stmt"/>
      <line num="36" count="2" type="stmt"/>
      <line num="41" count="2" type="stmt"/>
      <line num="45" count="1" type="stmt"/>
      <line num="48" count="2" type="stmt"/>
      <line num="49" count="2" type="stmt"/>
      <line num="51" count="2" type="cond" truecount="1" falsecount="1"/>
      <line num="53" count="0" type="stmt"/>
      <line num="56" count="2" type="stmt"/>
      <line num="60" count="2" type="stmt"/>
      <line num="64" count="1" type="stmt"/>
      <line num="66" count="1" type="stmt"/>
    </file>
  </project>
</coverage>
