{"/Users/natallia_bakinouskaya/NODE/Task_1/atbash.js": {"path":"/Users/natallia_bakinouskaya/NODE/Task_1/atbash.js","statementMap":{"0":{"start":{"line":3,"column":4},"end":{"line":6,"column":79}},"1":{"start":{"line":3,"column":44},"end":{"line":6,"column":67}},"2":{"start":{"line":10,"column":0},"end":{"line":10,"column":27}}},"fnMap":{"0":{"name":"Atbash","decl":{"start":{"line":1,"column":9},"end":{"line":1,"column":15}},"loc":{"start":{"line":1,"column":20},"end":{"line":8,"column":1}},"line":1},"1":{"name":"(anonymous_1)","decl":{"start":{"line":3,"column":29},"end":{"line":3,"column":30}},"loc":{"start":{"line":3,"column":43},"end":{"line":6,"column":68}},"line":3}},"branchMap":{"0":{"loc":{"start":{"line":3,"column":51},"end":{"line":6,"column":67}},"type":"cond-expr","locations":[{"start":{"line":4,"column":8},"end":{"line":4,"column":62}},{"start":{"line":5,"column":8},"end":{"line":6,"column":67}}],"line":3},"1":{"loc":{"start":{"line":3,"column":51},"end":{"line":3,"column":103}},"type":"binary-expr","locations":[{"start":{"line":3,"column":51},"end":{"line":3,"column":75}},{"start":{"line":3,"column":79},"end":{"line":3,"column":103}}],"line":3},"2":{"loc":{"start":{"line":5,"column":8},"end":{"line":6,"column":67}},"type":"cond-expr","locations":[{"start":{"line":6,"column":8},"end":{"line":6,"column":61}},{"start":{"line":6,"column":63},"end":{"line":6,"column":67}}],"line":5},"3":{"loc":{"start":{"line":5,"column":8},"end":{"line":5,"column":61}},"type":"binary-expr","locations":[{"start":{"line":5,"column":8},"end":{"line":5,"column":31}},{"start":{"line":5,"column":36},"end":{"line":5,"column":61}}],"line":5}},"s":{"0":1,"1":7,"2":1},"f":{"0":1,"1":7},"b":{"0":[2,5],"1":[7,4],"2":[2,3],"3":[5,2]},"_coverageSchema":"1a1c01bbd47fc00a2c39e90264f33305004495a9","hash":"17a7705c3b50617fa70badd98b295cc7ea81b093"}
,"/Users/natallia_bakinouskaya/NODE/Task_1/caesar.js": {"path":"/Users/natallia_bakinouskaya/NODE/Task_1/caesar.js","statementMap":{"0":{"start":{"line":3,"column":4},"end":{"line":7,"column":86}},"1":{"start":{"line":4,"column":8},"end":{"line":7,"column":74}},"2":{"start":{"line":11,"column":4},"end":{"line":15,"column":86}},"3":{"start":{"line":12,"column":8},"end":{"line":15,"column":74}},"4":{"start":{"line":19,"column":0},"end":{"line":19,"column":47}}},"fnMap":{"0":{"name":"CaesarDecode","decl":{"start":{"line":1,"column":9},"end":{"line":1,"column":21}},"loc":{"start":{"line":1,"column":33},"end":{"line":8,"column":1}},"line":1},"1":{"name":"(anonymous_1)","decl":{"start":{"line":3,"column":29},"end":{"line":3,"column":30}},"loc":{"start":{"line":3,"column":43},"end":{"line":7,"column":75}},"line":3},"2":{"name":"CaesarEncode","decl":{"start":{"line":10,"column":9},"end":{"line":10,"column":21}},"loc":{"start":{"line":10,"column":33},"end":{"line":17,"column":1}},"line":10},"3":{"name":"(anonymous_3)","decl":{"start":{"line":11,"column":29},"end":{"line":11,"column":30}},"loc":{"start":{"line":11,"column":43},"end":{"line":15,"column":75}},"line":11}},"branchMap":{"0":{"loc":{"start":{"line":4,"column":15},"end":{"line":7,"column":74}},"type":"cond-expr","locations":[{"start":{"line":5,"column":8},"end":{"line":5,"column":63}},{"start":{"line":6,"column":8},"end":{"line":7,"column":74}}],"line":4},"1":{"loc":{"start":{"line":4,"column":15},"end":{"line":4,"column":140}},"type":"binary-expr","locations":[{"start":{"line":4,"column":15},"end":{"line":4,"column":39}},{"start":{"line":4,"column":43},"end":{"line":4,"column":75}},{"start":{"line":4,"column":79},"end":{"line":4,"column":103}},{"start":{"line":4,"column":107},"end":{"line":4,"column":140}}],"line":4},"2":{"loc":{"start":{"line":6,"column":8},"end":{"line":7,"column":74}},"type":"cond-expr","locations":[{"start":{"line":7,"column":8},"end":{"line":7,"column":68}},{"start":{"line":7,"column":70},"end":{"line":7,"column":74}}],"line":6},"3":{"loc":{"start":{"line":6,"column":8},"end":{"line":6,"column":187}},"type":"binary-expr","locations":[{"start":{"line":6,"column":8},"end":{"line":6,"column":32}},{"start":{"line":6,"column":36},"end":{"line":6,"column":67}},{"start":{"line":6,"column":71},"end":{"line":6,"column":95}},{"start":{"line":6,"column":98},"end":{"line":6,"column":122}},{"start":{"line":6,"column":126},"end":{"line":6,"column":158}},{"start":{"line":6,"column":162},"end":{"line":6,"column":187}}],"line":6},"4":{"loc":{"start":{"line":12,"column":15},"end":{"line":15,"column":74}},"type":"cond-expr","locations":[{"start":{"line":13,"column":8},"end":{"line":13,"column":63}},{"start":{"line":14,"column":8},"end":{"line":15,"column":74}}],"line":12},"5":{"loc":{"start":{"line":12,"column":15},"end":{"line":12,"column":139}},"type":"binary-expr","locations":[{"start":{"line":12,"column":15},"end":{"line":12,"column":47}},{"start":{"line":12,"column":51},"end":{"line":12,"column":75}},{"start":{"line":12,"column":78},"end":{"line":12,"column":110}},{"start":{"line":12,"column":114},"end":{"line":12,"column":139}}],"line":12},"6":{"loc":{"start":{"line":14,"column":8},"end":{"line":15,"column":74}},"type":"cond-expr","locations":[{"start":{"line":15,"column":8},"end":{"line":15,"column":68}},{"start":{"line":15,"column":70},"end":{"line":15,"column":74}}],"line":14},"7":{"loc":{"start":{"line":14,"column":8},"end":{"line":14,"column":188}},"type":"binary-expr","locations":[{"start":{"line":14,"column":8},"end":{"line":14,"column":32}},{"start":{"line":14,"column":36},"end":{"line":14,"column":68}},{"start":{"line":14,"column":72},"end":{"line":14,"column":96}},{"start":{"line":14,"column":99},"end":{"line":14,"column":123}},{"start":{"line":14,"column":127},"end":{"line":14,"column":159}},{"start":{"line":14,"column":163},"end":{"line":14,"column":188}}],"line":14}},"s":{"0":1,"1":9,"2":1,"3":9,"4":1},"f":{"0":1,"1":9,"2":1,"3":9},"b":{"0":[4,5],"1":[9,6,7,3],"2":[2,3],"3":[5,2,2,4,1,1],"4":[4,5],"5":[9,5,7,2],"6":[2,3],"7":[5,2,1,4,1,1]},"_coverageSchema":"1a1c01bbd47fc00a2c39e90264f33305004495a9","hash":"0db0ae1dde8bdefe79c4edab91624952f0d68116"}
,"/Users/natallia_bakinouskaya/NODE/Task_1/main.js": {"path":"/Users/natallia_bakinouskaya/NODE/Task_1/main.js","statementMap":{"0":{"start":{"line":3,"column":20},"end":{"line":3,"column":32}},"1":{"start":{"line":8,"column":4},"end":{"line":8,"column":35}},"2":{"start":{"line":9,"column":4},"end":{"line":22,"column":5}},"3":{"start":{"line":11,"column":8},"end":{"line":17,"column":10}},"4":{"start":{"line":13,"column":12},"end":{"line":13,"column":55}},"5":{"start":{"line":16,"column":13},"end":{"line":16,"column":26}},"6":{"start":{"line":20,"column":8},"end":{"line":20,"column":36}},"7":{"start":{"line":24,"column":0},"end":{"line":24,"column":24}},"8":{"start":{"line":27,"column":4},"end":{"line":27,"column":35}},"9":{"start":{"line":28,"column":4},"end":{"line":43,"column":5}},"10":{"start":{"line":30,"column":8},"end":{"line":37,"column":9}},"11":{"start":{"line":33,"column":12},"end":{"line":33,"column":47}},"12":{"start":{"line":36,"column":12},"end":{"line":36,"column":25}},"13":{"start":{"line":41,"column":8},"end":{"line":41,"column":36}},"14":{"start":{"line":45,"column":0},"end":{"line":45,"column":23}},"15":{"start":{"line":48,"column":4},"end":{"line":48,"column":35}},"16":{"start":{"line":49,"column":4},"end":{"line":62,"column":5}},"17":{"start":{"line":51,"column":8},"end":{"line":57,"column":10}},"18":{"start":{"line":53,"column":12},"end":{"line":53,"column":41}},"19":{"start":{"line":56,"column":13},"end":{"line":56,"column":26}},"20":{"start":{"line":60,"column":8},"end":{"line":60,"column":36}},"21":{"start":{"line":64,"column":0},"end":{"line":64,"column":24}},"22":{"start":{"line":66,"column":0},"end":{"line":66,"column":81}}},"fnMap":{"0":{"name":"FindConfig","decl":{"start":{"line":7,"column":9},"end":{"line":7,"column":19}},"loc":{"start":{"line":7,"column":25},"end":{"line":23,"column":1}},"line":7},"1":{"name":"FindInput","decl":{"start":{"line":26,"column":9},"end":{"line":26,"column":18}},"loc":{"start":{"line":26,"column":24},"end":{"line":44,"column":1}},"line":26},"2":{"name":"FindOutput","decl":{"start":{"line":47,"column":9},"end":{"line":47,"column":19}},"loc":{"start":{"line":47,"column":25},"end":{"line":63,"column":1}},"line":47}},"branchMap":{"0":{"loc":{"start":{"line":11,"column":8},"end":{"line":17,"column":10}},"type":"if","locations":[{"start":{"line":11,"column":8},"end":{"line":17,"column":10}},{"start":{"line":15,"column":13},"end":{"line":17,"column":10}}],"line":11},"1":{"loc":{"start":{"line":11,"column":11},"end":{"line":11,"column":61}},"type":"binary-expr","locations":[{"start":{"line":11,"column":11},"end":{"line":11,"column":27}},{"start":{"line":11,"column":31},"end":{"line":11,"column":61}}],"line":11},"2":{"loc":{"start":{"line":30,"column":8},"end":{"line":37,"column":9}},"type":"if","locations":[{"start":{"line":30,"column":8},"end":{"line":37,"column":9}},{"start":{"line":35,"column":12},"end":{"line":37,"column":9}}],"line":30},"3":{"loc":{"start":{"line":30,"column":11},"end":{"line":30,"column":66}},"type":"binary-expr","locations":[{"start":{"line":30,"column":11},"end":{"line":30,"column":27}},{"start":{"line":30,"column":31},"end":{"line":30,"column":66}}],"line":30},"4":{"loc":{"start":{"line":51,"column":8},"end":{"line":57,"column":10}},"type":"if","locations":[{"start":{"line":51,"column":8},"end":{"line":57,"column":10}},{"start":{"line":55,"column":13},"end":{"line":57,"column":10}}],"line":51}},"s":{"0":1,"1":1,"2":1,"3":1,"4":1,"5":0,"6":0,"7":1,"8":5,"9":5,"10":5,"11":3,"12":2,"13":2,"14":1,"15":2,"16":2,"17":2,"18":0,"19":2,"20":2,"21":1,"22":1},"f":{"0":1,"1":5,"2":2},"b":{"0":[1,0],"1":[1,1],"2":[3,2],"3":[5,2],"4":[0,2]},"_coverageSchema":"1a1c01bbd47fc00a2c39e90264f33305004495a9","hash":"0c969a3a7bd764681751e6cd64dda44c45b381f7"}
}
