TN:
SF:atbash.js
FN:1,Atbash
FN:3,(anonymous_1)
FNF:2
FNH:2
FNDA:1,Atbash
FNDA:7,(anonymous_1)
DA:3,7
DA:10,1
LF:2
LH:2
BRDA:3,0,0,2
BRDA:3,0,1,5
BRDA:3,1,0,7
BRDA:3,1,1,4
BRDA:5,2,0,2
BRDA:5,2,1,3
BRDA:5,3,0,5
BRDA:5,3,1,2
BRF:8
BRH:8
end_of_record
TN:
SF:caesar.js
FN:1,CaesarDecode
FN:3,(anonymous_1)
FN:10,CaesarEncode
FN:11,(anonymous_3)
FNF:4
FNH:4
FNDA:1,CaesarDecode
FNDA:9,(anonymous_1)
FNDA:1,CaesarEncode
FNDA:9,(anonymous_3)
DA:3,1
DA:4,9
DA:11,1
DA:12,9
DA:19,1
LF:5
LH:5
BRDA:4,0,0,4
BRDA:4,0,1,5
BRDA:4,1,0,9
BRDA:4,1,1,6
BRDA:4,1,2,7
BRDA:4,1,3,3
BRDA:6,2,0,2
BRDA:6,2,1,3
BRDA:6,3,0,5
BRDA:6,3,1,2
BRDA:6,3,2,2
BRDA:6,3,3,4
BRDA:6,3,4,1
BRDA:6,3,5,1
BRDA:12,4,0,4
BRDA:12,4,1,5
BRDA:12,5,0,9
BRDA:12,5,1,5
BRDA:12,5,2,7
BRDA:12,5,3,2
BRDA:14,6,0,2
BRDA:14,6,1,3
BRDA:14,7,0,5
BRDA:14,7,1,2
BRDA:14,7,2,1
BRDA:14,7,3,4
BRDA:14,7,4,1
BRDA:14,7,5,1
BRF:28
BRH:28
end_of_record
TN:
SF:main.js
FN:7,FindConfig
FN:26,FindInput
FN:47,FindOutput
FNF:3
FNH:3
FNDA:1,FindConfig
FNDA:5,FindInput
FNDA:2,FindOutput
DA:3,1
DA:8,1
DA:9,1
DA:11,1
DA:13,1
DA:16,0
DA:20,0
DA:24,1
DA:27,5
DA:28,5
DA:30,5
DA:33,3
DA:36,2
DA:41,2
DA:45,1
DA:48,2
DA:49,2
DA:51,2
DA:53,0
DA:56,2
DA:60,2
DA:64,1
DA:66,1
LF:23
LH:20
BRDA:11,0,0,1
BRDA:11,0,1,0
BRDA:11,1,0,1
BRDA:11,1,1,1
BRDA:30,2,0,3
BRDA:30,2,1,2
BRDA:30,3,0,5
BRDA:30,3,1,2
BRDA:51,4,0,0
BRDA:51,4,1,2
BRF:10
BRH:8
end_of_record
